UTV2-1168 verification

Focused test:
Command: tsx --test scripts/ops/lane-close.test.ts
Result: PASS
Summary: 56 tests passed, 0 failed.

Merge-risk:
Command: pnpm ops:merge-risk
Result: PASS
Summary: 0 hard_fail, 0 block, 0 warning.

Type check:
Command: pnpm type-check
Result: PASS

Repo test command:
Command: pnpm test
Result: PASS via pnpm verify

Gate:
Command: pnpm verify
Result: PASS
Final output:
[command-manifest] Verified 14 command definition(s) against apps/discord-bot/command-manifest.json
[check-migration-versions] 110 migration file(s) verified — no duplicate versions.
[lint-migrations] 110 migration file(s) checked — no findings.

Merge SHA: 91c88e79835e03aeb455c18e32419042becf1208
