TAP version 13
# Subtest: valid complete exception is created with id, createdAt, and status active
ok 1 - valid complete exception is created with id, createdAt, and status active
  ---
  duration_ms: 2.375473
  type: 'test'
  ...
# Subtest: valid exception produces auditEvent with correct fields
ok 2 - valid exception produces auditEvent with correct fields
  ---
  duration_ms: 0.295001
  type: 'test'
  ...
# Subtest: missing scope throws GovernanceExceptionValidationError
ok 3 - missing scope throws GovernanceExceptionValidationError
  ---
  duration_ms: 0.588082
  type: 'test'
  ...
# Subtest: missing approver throws GovernanceExceptionValidationError
ok 4 - missing approver throws GovernanceExceptionValidationError
  ---
  duration_ms: 0.184534
  type: 'test'
  ...
# Subtest: missing secondaryApprover throws GovernanceExceptionValidationError
ok 5 - missing secondaryApprover throws GovernanceExceptionValidationError
  ---
  duration_ms: 0.166899
  type: 'test'
  ...
# Subtest: same approver and secondaryApprover throws GovernanceExceptionValidationError
ok 6 - same approver and secondaryApprover throws GovernanceExceptionValidationError
  ---
  duration_ms: 0.242034
  type: 'test'
  ...
# Subtest: empty justification throws GovernanceExceptionValidationError
ok 7 - empty justification throws GovernanceExceptionValidationError
  ---
  duration_ms: 0.156653
  type: 'test'
  ...
# Subtest: short justification (< 10 chars) throws GovernanceExceptionValidationError
ok 8 - short justification (< 10 chars) throws GovernanceExceptionValidationError
  ---
  duration_ms: 0.242891
  type: 'test'
  ...
# Subtest: missing expiration throws GovernanceExceptionValidationError
ok 9 - missing expiration throws GovernanceExceptionValidationError
  ---
  duration_ms: 0.350005
  type: 'test'
  ...
# Subtest: past expiration date throws GovernanceExceptionValidationError
ok 10 - past expiration date throws GovernanceExceptionValidationError
  ---
  duration_ms: 0.60025
  type: 'test'
  ...
# Subtest: missing rollbackCondition throws GovernanceExceptionValidationError
ok 11 - missing rollbackCondition throws GovernanceExceptionValidationError
  ---
  duration_ms: 0.267756
  type: 'test'
  ...
# Subtest: missing auditRef throws GovernanceExceptionValidationError
ok 12 - missing auditRef throws GovernanceExceptionValidationError
  ---
  duration_ms: 0.206338
  type: 'test'
  ...
# Subtest: missing type throws GovernanceExceptionValidationError
ok 13 - missing type throws GovernanceExceptionValidationError
  ---
  duration_ms: 0.157546
  type: 'test'
  ...
# Subtest: invalid type throws GovernanceExceptionValidationError
ok 14 - invalid type throws GovernanceExceptionValidationError
  ---
  duration_ms: 0.130461
  type: 'test'
  ...
# Subtest: exception is replayable via JSON round-trip without loss
ok 15 - exception is replayable via JSON round-trip without loss
  ---
  duration_ms: 0.202372
  type: 'test'
  ...
1..15
# tests 15
# suites 0
# pass 15
# fail 0
# cancelled 0
# skipped 0
# todo 0
# duration_ms 507.028239
