# UTV2-1162 Verification Log

Commands run:

```text
npx tsx --test scripts/ops/lane-maximizer.test.ts
PASS — 24 tests passed

pnpm type-check
PASS

pnpm test
PASS

pnpm lint
PASS

pnpm build
PASS

pnpm --filter @unit-talk/smart-form verify
PASS

pnpm verify
PASS

npx tsx scripts/ci/r-level-check.ts --base origin/main --head HEAD
PASS
```

Issue-specific verification:

```text
npx tsx --test scripts/ops/lane-maximizer.test.ts
PASS — covers queue intake parsing, ranked wave fill, unsafe missing-file-scope refusal, missing acceptance criteria refusal, and exact lane-start command emission.
```

CLI smoke note:

```text
pnpm ops:lane-maximizer -- --from-queue ...
Earlier attempt failed before script execution: tsx listen EPERM on /tmp/tsx-1000/*.pipe in this sandbox.
The implementation path is covered by direct node:test coverage for parseQueueCandidates() and evaluateCandidates().
```

Gate verification:

```text
pnpm verify
PASS
[command-manifest] Verified 14 command definition(s) against apps/discord-bot/command-manifest.json
[check-migration-versions] 110 migration file(s) verified - no duplicate versions.
[lint-migrations] 110 migration file(s) checked - no findings.

npx tsx scripts/ci/r-level-check.ts --base origin/main --head HEAD
PASS — Changed files: 7; no R-level artifact requirements matched.
```
