## Verification

Issue: UTV2-1190
Branch: griffadavi/utv2-1190-mechanical-closeout-gates-pnpm-verify-r-level-check-wired
Generated: 2026-05-29T14:25:53Z

Focused command:

```text
npx tsx --test scripts/ops/truth-check-lib.test.ts
Result: PASS
Summary: 44 tests, 44 pass, 0 fail
```

Required command:

```text
pnpm type-check
Result: PASS
```

Required command:

```text
pnpm test
Result: PASS
Notes: command exited 0. Live proof tests emitted known stranded-picks warnings, but all tests passed.
```

Gate command:

```text
pnpm verify
Result: PASS
Last observed lines:
> @unit-talk/v2@0.1.0 verify:commands /home/griff843/code/Unit-Talk-v2/.out/worktrees/griffadavi__utv2-1190-mechanical-closeout-gates-pnpm-verify-r-level-check-wired
> pnpm --filter @unit-talk/discord-bot command-manifest:check && node scripts/check-migration-versions.mjs && node scripts/lint-migrations.mjs

> @unit-talk/discord-bot@0.1.0 command-manifest:check /home/griff843/code/Unit-Talk-v2/.out/worktrees/griffadavi__utv2-1190-mechanical-closeout-gates-pnpm-verify-r-level-check-wired/apps/discord-bot
> tsx scripts/sync-command-manifest.ts --check

[command-manifest] Verified 14 command definition(s) against /home/griff843/code/Unit-Talk-v2/.out/worktrees/griffadavi__utv2-1190-mechanical-closeout-gates-pnpm-verify-r-level-check-wired/apps/discord-bot/command-manifest.json
[check-migration-versions] 114 migration file(s) verified - no duplicate versions.
[lint-migrations] 114 migration file(s) checked - no findings.
```

R-level command:

```text
npx tsx scripts/ci/r-level-check.ts --base origin/main --head HEAD
Verdict: PASS
Changed files: 8
Rules matched: (none) - no R-level artifacts required for this diff
```
