UTV2-727 T1 Verification Log
Branch: griffadavi/utv2-727-proof-gap-carry-closing-line-evidence-into-scored-candidate
Run: 2026-04-25T03:30:00Z

=== STATIC VERIFICATION ===
pnpm verify (pre-push hook): PASS
type-check: PASS
lint: PASS
build: PASS

Tests:
  closing-leakage-guard.test.ts       22/22 PASS
  market-universe-closing-join.test.ts 16/16 PASS

=== MIGRATIONS APPLIED TO LIVE DB ===
202604250001 — backfill market_universe closing from provider_offers: SUCCESS
202604250002 — create sgo_replay_coverage view: SUCCESS

=== RUNTIME PROOF (live Supabase, service role) ===
Script: apps/api/src/scripts/utv2-727-replay-coverage-proof.ts

[PASS] sgo_replay_coverage view queryable
       sample: 6 replay_eligible, 6 has_closing, 10 has_opening

[PASS] market_universe rows with closing_line != null: 15965

[PASS] provider_offers with is_closing=true and line != null: 594119

[PASS] Full sgo_replay_coverage aggregate
       candidates: 660 scored
       replay_eligible: 493 (74.7%)

Result: 4/4 PASS

=== LEAKAGE GUARDRAILS ===
Confirmed closing fields are NULL at candidate scoring time — the migration
only writes closing evidence after events close. sgo_replay_coverage is
an evaluation view only — it is never read by scoring inputs, promotion,
or distribution services. Verified by closing-leakage-guard.test.ts (22 tests).

=== VERDICT ===
PASS — all static and runtime checks green. Migrations applied and verified
against live DB. T1 evidence complete.
