# UTV2-1188 Verification Log

## Verification

Command: `npx tsx --test scripts/ops/lane-execution.test.ts`
Result: PASS
Summary: 12 tests, 12 pass, 0 fail.

Command: `pnpm type-check`
Result: PASS

Command: `pnpm test`
Result: PASS
Notes: Full root aggregate completed successfully. Live T1 proof suites emitted the known `stranded-picks-detected` warning during existing drift checks, but all tests passed.

Command: `pnpm verify`
Result: PASS
Tail evidence:
```text
> @unit-talk/v2@0.1.0 verify:commands
> pnpm --filter @unit-talk/discord-bot command-manifest:check && node scripts/check-migration-versions.mjs && node scripts/lint-migrations.mjs

> @unit-talk/discord-bot@0.1.0 command-manifest:check
> tsx scripts/sync-command-manifest.ts --check

[command-manifest] Verified 14 command definition(s) against apps/discord-bot/command-manifest.json
[check-migration-versions] 114 migration file(s) verified - no duplicate versions.
[lint-migrations] 114 migration file(s) checked - no findings.
```

Command: `npx tsx scripts/ci/r-level-check.ts --base origin/main --head HEAD`
Result: PASS
Output:
```text
Verdict: PASS
Changed files: 8
Rules matched: (none) - no R-level artifacts required for this diff
```
## SHA Binding
merge_sha: b0ac540cf0963a1dc11fd16dd81331a48c7d0816
