UTV2-1172 verification

Focused test:
Command: tsx --test scripts/ops/workflow-hardening.test.ts
Result: PASS
Summary: 19 tests passed, 0 failed.

Type check:
Command: pnpm type-check
Result: PASS

R-level:
Command: tsx scripts/ci/r-level-check.ts --base origin/main --head HEAD
Result: PASS
Output:
Verdict: PASS
Changed files: 2
Rules matched: (none) — no R-level artifacts required for this diff

Gate:
Command: pnpm verify
Result: PASS
Final output:
[command-manifest] Verified 14 command definition(s) against apps/discord-bot/command-manifest.json
[check-migration-versions] 110 migration file(s) verified — no duplicate versions.
[lint-migrations] 110 migration file(s) checked — no findings.
